[2024-05-23 17:43:28] [ ERROR] [BD:31] Versión del archivo de base de datos no soportada ó encabezado de archivo invalido en archivo "C:/Users/maria/clinicaOdontO.mv.db"
Unsupported database file version or invalid file header in file "C:/Users/maria/clinicaOdontO.mv.db" [90048-214]
[2024-05-23 17:43:28] [ ERROR] [OdontologoDAOH2:40] Versión del archivo de base de datos no soportada ó encabezado de archivo invalido en archivo "C:/Users/maria/clinicaOdontO.mv.db"
Unsupported database file version or invalid file header in file "C:/Users/maria/clinicaOdontO.mv.db" [90048-214]
[2024-05-23 17:43:28] [ ERROR] [OdontologoDAOH2:40] Versión del archivo de base de datos no soportada ó encabezado de archivo invalido en archivo "C:/Users/maria/clinicaOdontO.mv.db"
Unsupported database file version or invalid file header in file "C:/Users/maria/clinicaOdontO.mv.db" [90048-214]
[2024-05-23 17:43:28] [ ERROR] [OdontologoDAOH2:63] Versión del archivo de base de datos no soportada ó encabezado de archivo invalido en archivo "C:/Users/maria/clinicaOdontO.mv.db"
Unsupported database file version or invalid file header in file "C:/Users/maria/clinicaOdontO.mv.db" [90048-214]
[2024-05-23 17:44:48] [ INFO ] [BD:29] Tablas creada con exito
[2024-05-23 17:44:48] [ INFO ] [OdontologoDAOH2:37] Odonologo guardado correctamente
[2024-05-23 17:44:48] [ INFO ] [OdontologoDAOH2:37] Odonologo guardado correctamente
[2024-05-23 17:44:48] [ INFO ] [OdontologoDAOH2:61] Odontologos encontrados
[2024-05-23 17:44:53] [ INFO ] [BD:29] Tablas creada con exito
[2024-05-23 17:44:53] [ INFO ] [OdontologoDAOH2:37] Odonologo guardado correctamente
[2024-05-23 17:44:53] [ INFO ] [OdontologoDAOH2:37] Odonologo guardado correctamente
[2024-05-23 17:44:53] [ INFO ] [OdontologoDAOH2:61] Odontologos encontrados
[2024-05-23 17:44:53] [ INFO ] [OdontologoDAOH2:70] Iniciando busqueda de Odontologo
[2024-05-23 17:44:53] [ INFO ] [OdontologoDAOH2:84] Odontologo encontrado
[2024-05-23 17:45:01] [ INFO ] [BD:29] Tablas creada con exito
[2024-05-23 17:45:01] [ INFO ] [PacienteDAOH2:53] iniciando la operacion de buscado de un paciente con id : 2
[2024-05-23 17:48:14] [ ERROR] [BD:34] Columna "EMAIL" no encontrada
Column "EMAIL" not found; SQL statement:
INSERT INTO PACIENTES (NOMBRE, APELLIDO, CEDULA, FECHA_INGRESO, DOMICILIO_ID, EMAIL) VALUES ('Jorgito','Pereyra','111111','2024-05-16', 1,'jorge.pereyra@digitalhouse.com'), ('German','Fraire','22222','2024-05-10',2,'german@german.com'); INSERT INTO DOMICILIOS  (CALLE, NUMERO, LOCALIDAD, PROVINCIA) VALUES ('Siempre Viva',742,'Springfield','USA'),('Av. Uruguay',345,'Punta del Este','Uruguay') [42122-214]
[2024-05-23 17:48:14] [ INFO ] [PacienteDAOH2:53] iniciando la operacion de buscado de un paciente con id : 2
[2024-05-23 17:49:24] [ INFO ] [BD:32] Tablas creada con exito
[2024-05-23 17:49:24] [ INFO ] [PacienteDAOH2:53] iniciando la operacion de buscado de un paciente con id : 2
[2024-05-23 17:49:24] [ INFO ] [DomicilioDAOH2:44] iniciando la busqueda de un domicilio con id: 2
[2024-05-23 18:08:36] [ ERROR] [BD:34] Error de Sintaxis en sentencia SQL "INSERT INTO PACIENTES (NOMBRE, APELLIDO, CEDULA, FECHA_INGRESO, DOMICILIO_ID) VALUES ('Jorgito','Pereyra','111111','2024-05-16', 1, 'jorgito@jorgito.com'), ('German','Fraire','22222','2024-05-10',2, german[*]@german.com); INSERT INTO DOMICILIOS  (CALLE, NUMERO, LOCALIDAD, PROVINCIA) VALUES ('Siempre Viva',742,'Springfield','USA'),('Av. Uruguay',345,'Punta del Este','Uruguay')"; se esperaba "(, ., [, ::, AT, FORMAT, *, /, %, +, -, ||, NOT, IS, ILIKE, REGEXP, AND, OR, ,, )"
Syntax error in SQL statement "INSERT INTO PACIENTES (NOMBRE, APELLIDO, CEDULA, FECHA_INGRESO, DOMICILIO_ID) VALUES ('Jorgito','Pereyra','111111','2024-05-16', 1, 'jorgito@jorgito.com'), ('German','Fraire','22222','2024-05-10',2, german[*]@german.com); INSERT INTO DOMICILIOS  (CALLE, NUMERO, LOCALIDAD, PROVINCIA) VALUES ('Siempre Viva',742,'Springfield','USA'),('Av. Uruguay',345,'Punta del Este','Uruguay')"; expected "(, ., [, ::, AT, FORMAT, *, /, %, +, -, ||, NOT, IS, ILIKE, REGEXP, AND, OR, ,, )"; SQL statement:
INSERT INTO PACIENTES (NOMBRE, APELLIDO, CEDULA, FECHA_INGRESO, DOMICILIO_ID) VALUES ('Jorgito','Pereyra','111111','2024-05-16', 1, 'jorgito@jorgito.com'), ('German','Fraire','22222','2024-05-10',2, german@german.com); INSERT INTO DOMICILIOS  (CALLE, NUMERO, LOCALIDAD, PROVINCIA) VALUES ('Siempre Viva',742,'Springfield','USA'),('Av. Uruguay',345,'Punta del Este','Uruguay') [42001-214]
[2024-05-23 18:08:36] [ INFO ] [PacienteDAOH2:54] iniciando la operacion de buscado de un paciente con id : 2
[2024-05-23 18:09:16] [ ERROR] [BD:34] Error de Sintaxis en sentencia SQL "INSERT INTO PACIENTES (NOMBRE, APELLIDO, CEDULA, FECHA_INGRESO, DOMICILIO_ID, EMAIL) VALUES ('Jorgito','Pereyra','111111','2024-05-16', 1, 'jorgito@jorgito.com'), ('German','Fraire','22222','2024-05-10',2, german[*]@german.com); INSERT INTO DOMICILIOS  (CALLE, NUMERO, LOCALIDAD, PROVINCIA) VALUES ('Siempre Viva',742,'Springfield','USA'),('Av. Uruguay',345,'Punta del Este','Uruguay')"; se esperaba "(, ., [, ::, AT, FORMAT, *, /, %, +, -, ||, NOT, IS, ILIKE, REGEXP, AND, OR, ,, )"
Syntax error in SQL statement "INSERT INTO PACIENTES (NOMBRE, APELLIDO, CEDULA, FECHA_INGRESO, DOMICILIO_ID, EMAIL) VALUES ('Jorgito','Pereyra','111111','2024-05-16', 1, 'jorgito@jorgito.com'), ('German','Fraire','22222','2024-05-10',2, german[*]@german.com); INSERT INTO DOMICILIOS  (CALLE, NUMERO, LOCALIDAD, PROVINCIA) VALUES ('Siempre Viva',742,'Springfield','USA'),('Av. Uruguay',345,'Punta del Este','Uruguay')"; expected "(, ., [, ::, AT, FORMAT, *, /, %, +, -, ||, NOT, IS, ILIKE, REGEXP, AND, OR, ,, )"; SQL statement:
INSERT INTO PACIENTES (NOMBRE, APELLIDO, CEDULA, FECHA_INGRESO, DOMICILIO_ID, EMAIL) VALUES ('Jorgito','Pereyra','111111','2024-05-16', 1, 'jorgito@jorgito.com'), ('German','Fraire','22222','2024-05-10',2, german@german.com); INSERT INTO DOMICILIOS  (CALLE, NUMERO, LOCALIDAD, PROVINCIA) VALUES ('Siempre Viva',742,'Springfield','USA'),('Av. Uruguay',345,'Punta del Este','Uruguay') [42001-214]
[2024-05-23 18:09:16] [ INFO ] [PacienteDAOH2:54] iniciando la operacion de buscado de un paciente con id : 2
[2024-05-23 18:10:03] [ INFO ] [BD:32] Tablas creada con exito
[2024-05-23 18:10:03] [ INFO ] [PacienteDAOH2:54] iniciando la operacion de buscado de un paciente con id : 2
[2024-05-23 18:10:03] [ INFO ] [DomicilioDAOH2:44] iniciando la busqueda de un domicilio con id: 2
[2024-05-23 18:21:01] [ INFO ] [BD:32] Tablas creada con exito
[2024-05-23 18:21:01] [ INFO ] [PacienteDAOH2:92] Iniciando busqueda por email: jorgito@jorgito.com
[2024-05-23 18:21:01] [ INFO ] [DomicilioDAOH2:44] iniciando la busqueda de un domicilio con id: 1
[2024-05-23 18:34:40] [ INFO ] [PacienteDAOH2:92] Iniciando busqueda por email: jorgito@jorgito.com
[2024-05-23 18:34:40] [ ERROR] [PacienteDAOH2:111] Table "PACIENTES" not found (this database is empty); SQL statement:
SELECT * FROM PACIENTES WHERE EMAIL=? [42104-214]
[2024-05-23 18:35:47] [ INFO ] [BD:32] Tablas creada con exito
[2024-05-23 18:35:56] [ INFO ] [PacienteDAOH2:92] Iniciando busqueda por email: jorgito@jorgito.com
[2024-05-23 18:35:56] [ INFO ] [DomicilioDAOH2:44] iniciando la busqueda de un domicilio con id: 1
[2024-05-23 18:58:18] [ INFO ] [BD:32] Tablas creada con exito
[2024-05-23 18:58:18] [ INFO ] [DomicilioDAOH2:44] iniciando la busqueda de un domicilio con id: 1
[2024-05-23 18:58:18] [ INFO ] [DomicilioDAOH2:44] iniciando la busqueda de un domicilio con id: 2
[2024-05-23 18:59:15] [ INFO ] [BD:32] Tablas creada con exito
[2024-05-23 18:59:15] [ INFO ] [PacienteDAOH2:52] Iniciado la busqueda de todos los pacientes
[2024-05-23 18:59:15] [ INFO ] [DomicilioDAOH2:44] iniciando la busqueda de un domicilio con id: 1
[2024-05-23 18:59:15] [ INFO ] [DomicilioDAOH2:44] iniciando la busqueda de un domicilio con id: 2
[2024-05-23 19:10:29] [ INFO ] [BD:32] Tablas creada con exito
[2024-05-23 19:14:55] [ INFO ] [BD:35] Tablas creada con exito
[2024-05-23 19:15:10] [ INFO ] [OdontologoDAOH2:70] Iniciando busqueda de Odontologo
[2024-05-23 19:15:10] [ INFO ] [OdontologoDAOH2:84] Odontologo encontrado
[2024-05-23 19:15:16] [ INFO ] [OdontologoDAOH2:70] Iniciando busqueda de Odontologo
[2024-05-23 19:15:16] [ INFO ] [OdontologoDAOH2:84] Odontologo encontrado
[2024-05-23 19:15:25] [ INFO ] [OdontologoDAOH2:70] Iniciando busqueda de Odontologo
[2024-05-23 19:15:25] [ INFO ] [OdontologoDAOH2:84] Odontologo encontrado
[2024-05-24 13:10:20] [ INFO ] [BD:35] Tablas creada con exito
[2024-05-24 13:10:39] [ INFO ] [OdontologoDAOH2:70] Iniciando busqueda de Odontologo
[2024-05-24 13:10:39] [ INFO ] [OdontologoDAOH2:84] Odontologo encontrado
[2024-05-24 13:10:46] [ INFO ] [OdontologoDAOH2:70] Iniciando busqueda de Odontologo
[2024-05-24 13:10:46] [ INFO ] [OdontologoDAOH2:84] Odontologo encontrado
[2024-05-24 13:10:56] [ INFO ] [PacienteDAOH2:114] Iniciando busqueda por email: jorgito@jorgito.com
[2024-05-24 13:10:56] [ INFO ] [DomicilioDAOH2:44] iniciando la busqueda de un domicilio con id: 1
[2024-05-27 11:03:46] [ INFO ] [BD:35] Tablas creada con exito
[2024-05-27 11:04:42] [ INFO ] [OdontologoDAOH2:70] Iniciando busqueda de Odontologo
[2024-05-27 11:04:42] [ INFO ] [OdontologoDAOH2:84] Odontologo encontrado
[2024-05-27 13:06:12] [ INFO ] [BD:35] Tablas creada con exito
[2024-05-27 13:06:37] [ INFO ] [OdontologoDAOH2:70] Iniciando busqueda de Odontologo
[2024-05-27 13:06:37] [ INFO ] [OdontologoDAOH2:84] Odontologo encontrado
[2024-05-27 13:07:22] [ INFO ] [OdontologoDAOH2:70] Iniciando busqueda de Odontologo
[2024-05-27 13:07:22] [ INFO ] [OdontologoDAOH2:84] Odontologo encontrado
[2024-05-27 13:07:23] [ INFO ] [OdontologoDAOH2:70] Iniciando busqueda de Odontologo
[2024-05-27 13:07:23] [ INFO ] [OdontologoDAOH2:84] Odontologo encontrado
[2024-05-27 13:07:23] [ INFO ] [OdontologoDAOH2:70] Iniciando busqueda de Odontologo
[2024-05-27 13:07:23] [ INFO ] [OdontologoDAOH2:84] Odontologo encontrado
[2024-05-27 13:07:31] [ INFO ] [BD:35] Tablas creada con exito
[2024-05-27 13:07:37] [ INFO ] [OdontologoDAOH2:70] Iniciando busqueda de Odontologo
[2024-05-27 13:07:37] [ INFO ] [OdontologoDAOH2:84] Odontologo encontrado
[2024-05-27 13:08:55] [ INFO ] [OdontologoDAOH2:70] Iniciando busqueda de Odontologo
[2024-05-27 13:08:55] [ INFO ] [OdontologoDAOH2:84] Odontologo encontrado
[2024-05-27 13:10:47] [ INFO ] [BD:35] Tablas creada con exito
[2024-05-27 13:11:44] [ INFO ] [PacienteDAOH2:114] Iniciando busqueda por email: jorgito@jorgito.com
[2024-05-27 13:11:44] [ INFO ] [DomicilioDAOH2:44] iniciando la busqueda de un domicilio con id: 1
[2024-05-27 13:19:19] [ INFO ] [BD:35] Tablas creada con exito
[2024-05-27 13:23:40] [ INFO ] [BD:35] Tablas creada con exito
[2024-05-27 13:27:29] [ INFO ] [BD:35] Tablas creada con exito
[2024-05-27 13:27:39] [ INFO ] [OdontologoDAOH2:37] Odonologo guardado correctamente
[2024-05-27 13:28:02] [ INFO ] [PacienteDAOH2:114] Iniciando busqueda por email: jorgito@jorgito.com
[2024-05-27 13:28:02] [ INFO ] [DomicilioDAOH2:44] iniciando la busqueda de un domicilio con id: 1
[2024-05-27 13:28:06] [ INFO ] [OdontologoDAOH2:70] Iniciando busqueda de Odontologo
[2024-05-27 13:28:06] [ INFO ] [OdontologoDAOH2:84] Odontologo encontrado
[2024-05-27 13:28:32] [ INFO ] [OdontologoDAOH2:70] Iniciando busqueda de Odontologo
[2024-05-27 13:28:32] [ INFO ] [OdontologoDAOH2:84] Odontologo encontrado
[2024-05-27 13:28:41] [ INFO ] [PacienteDAOH2:114] Iniciando busqueda por email: jorgito@jorgito.com
[2024-05-27 13:28:41] [ INFO ] [DomicilioDAOH2:44] iniciando la busqueda de un domicilio con id: 1
[2024-05-27 13:29:09] [ INFO ] [BD:35] Tablas creada con exito
[2024-05-27 13:29:21] [ INFO ] [OdontologoDAOH2:70] Iniciando busqueda de Odontologo
[2024-05-27 13:29:21] [ INFO ] [OdontologoDAOH2:84] Odontologo encontrado
[2024-05-27 13:29:57] [ INFO ] [PacienteDAOH2:114] Iniciando busqueda por email: jorgito@jorgito.com
[2024-05-27 13:29:57] [ INFO ] [DomicilioDAOH2:44] iniciando la busqueda de un domicilio con id: 1
[2024-05-27 13:30:16] [ INFO ] [BD:35] Tablas creada con exito
[2024-05-27 13:30:25] [ INFO ] [PacienteDAOH2:114] Iniciando busqueda por email: jorgito@jorgito.com
[2024-05-27 13:30:25] [ INFO ] [DomicilioDAOH2:44] iniciando la busqueda de un domicilio con id: 1
[2024-05-27 13:35:11] [ INFO ] [BD:35] Tablas creada con exito
[2024-05-27 13:35:43] [ INFO ] [OdontologoDAOH2:61] Odontologos encontrados
[2024-05-27 13:36:18] [ INFO ] [OdontologoDAOH2:37] Odonologo guardado correctamente
[2024-05-27 13:36:24] [ INFO ] [OdontologoDAOH2:61] Odontologos encontrados
[2024-05-27 13:43:32] [ INFO ] [BD:35] Tablas creada con exito
[2024-05-27 13:44:26] [ INFO ] [PacienteDAOH2:52] Iniciado la busqueda de todos los pacientes
[2024-05-27 13:44:26] [ INFO ] [DomicilioDAOH2:44] iniciando la busqueda de un domicilio con id: 1
[2024-05-27 13:44:26] [ INFO ] [DomicilioDAOH2:44] iniciando la busqueda de un domicilio con id: 2
[2024-05-27 13:45:11] [ INFO ] [BD:35] Tablas creada con exito
[2024-05-27 13:45:21] [ INFO ] [PacienteDAOH2:52] Iniciado la busqueda de todos los pacientes
[2024-05-27 13:45:21] [ INFO ] [DomicilioDAOH2:44] iniciando la busqueda de un domicilio con id: 1
[2024-05-27 13:45:21] [ INFO ] [DomicilioDAOH2:44] iniciando la busqueda de un domicilio con id: 2
[2024-05-27 13:47:08] [ INFO ] [BD:35] Tablas creada con exito
[2024-05-27 13:50:07] [ INFO ] [PacienteDAOH2:52] Iniciado la busqueda de todos los pacientes
[2024-05-27 13:50:07] [ INFO ] [DomicilioDAOH2:44] iniciando la busqueda de un domicilio con id: 1
[2024-05-27 13:50:07] [ INFO ] [DomicilioDAOH2:44] iniciando la busqueda de un domicilio con id: 2
[2024-05-27 13:52:46] [ INFO ] [BD:35] Tablas creada con exito
[2024-05-27 13:53:05] [ INFO ] [PacienteDAOH2:77] iniciando la operacion de buscado de un paciente con id : 1
[2024-05-27 13:53:05] [ INFO ] [DomicilioDAOH2:44] iniciando la busqueda de un domicilio con id: 1
[2024-05-27 13:53:27] [ INFO ] [PacienteDAOH2:114] Iniciando busqueda por email: jorgito@jorgito.com
[2024-05-27 13:53:27] [ INFO ] [DomicilioDAOH2:44] iniciando la busqueda de un domicilio con id: 1
[2024-05-27 13:56:26] [ INFO ] [BD:35] Tablas creada con exito
[2024-05-27 13:56:31] [ INFO ] [PacienteDAOH2:52] Iniciado la busqueda de todos los pacientes
[2024-05-27 13:56:31] [ INFO ] [DomicilioDAOH2:44] iniciando la busqueda de un domicilio con id: 1
[2024-05-27 13:56:31] [ INFO ] [DomicilioDAOH2:44] iniciando la busqueda de un domicilio con id: 2
[2024-05-27 14:01:30] [ INFO ] [BD:35] Tablas creada con exito
[2024-05-27 14:02:06] [ INFO ] [BD:35] Tablas creada con exito
[2024-05-27 14:02:29] [ INFO ] [PacienteDAOH2:20] Iniciando las operaciones de guardado
[2024-05-27 14:02:29] [ INFO ] [DomicilioDAOH2:18] Iniciando operacion de guardado
[2024-05-27 14:02:29] [ ERROR] [PacienteDAOH2:45] Cannot invoke "BackEndHD.ClinicaOdontologica.model.Domicilio.getId()" because "domicilio" is null
[2024-05-27 14:02:38] [ INFO ] [PacienteDAOH2:52] Iniciado la busqueda de todos los pacientes
[2024-05-27 14:02:38] [ INFO ] [DomicilioDAOH2:44] iniciando la busqueda de un domicilio con id: 1
[2024-05-27 14:02:38] [ INFO ] [DomicilioDAOH2:44] iniciando la busqueda de un domicilio con id: 2
[2024-05-27 14:02:56] [ INFO ] [PacienteDAOH2:52] Iniciado la busqueda de todos los pacientes
[2024-05-27 14:02:56] [ INFO ] [DomicilioDAOH2:44] iniciando la busqueda de un domicilio con id: 1
[2024-05-27 14:02:56] [ INFO ] [DomicilioDAOH2:44] iniciando la busqueda de un domicilio con id: 2
[2024-05-27 14:05:13] [ INFO ] [PacienteDAOH2:20] Iniciando las operaciones de guardado
[2024-05-27 14:05:13] [ INFO ] [DomicilioDAOH2:18] Iniciando operacion de guardado
[2024-05-27 14:05:14] [ ERROR] [PacienteDAOH2:45] Cannot invoke "BackEndHD.ClinicaOdontologica.model.Domicilio.getId()" because "domicilio" is null
[2024-05-27 14:15:20] [ INFO ] [BD:35] Tablas creada con exito
[2024-05-27 14:15:26] [ INFO ] [PacienteDAOH2:20] Iniciando las operaciones de guardado
[2024-05-27 14:15:26] [ INFO ] [DomicilioDAOH2:19] Iniciando operacion de guardado
[2024-05-27 14:15:26] [ INFO ] [DomicilioDAOH2:38] Domicilio guardado
[2024-05-27 14:15:26] [ ERROR] [PacienteDAOH2:45] Valor Invalido "6" para el parametro "parameterIndex"
Invalid value "6" for parameter "parameterIndex" [90008-214]
[2024-05-27 14:15:38] [ INFO ] [PacienteDAOH2:52] Iniciado la busqueda de todos los pacientes
[2024-05-27 14:15:38] [ INFO ] [DomicilioDAOH2:54] iniciando la busqueda de un domicilio con id: 1
[2024-05-27 14:15:38] [ INFO ] [DomicilioDAOH2:54] iniciando la busqueda de un domicilio con id: 2
[2024-05-27 14:17:21] [ INFO ] [BD:35] Tablas creada con exito
[2024-05-27 14:17:28] [ INFO ] [PacienteDAOH2:20] Iniciando las operaciones de guardado
[2024-05-27 14:17:28] [ INFO ] [DomicilioDAOH2:19] Iniciando operacion de guardado
[2024-05-27 14:17:28] [ INFO ] [DomicilioDAOH2:38] Domicilio guardado
[2024-05-27 14:17:28] [ INFO ] [PacienteDAOH2:42] Paciente guardado
[2024-05-27 14:17:34] [ INFO ] [PacienteDAOH2:52] Iniciado la busqueda de todos los pacientes
[2024-05-27 14:17:34] [ INFO ] [DomicilioDAOH2:54] iniciando la busqueda de un domicilio con id: 1
[2024-05-27 14:17:34] [ INFO ] [DomicilioDAOH2:54] iniciando la busqueda de un domicilio con id: 2
[2024-05-27 14:17:34] [ INFO ] [DomicilioDAOH2:54] iniciando la busqueda de un domicilio con id: 3
[2024-05-28 16:41:29] [ INFO ] [BD:35] Tablas creada con exito
[2024-05-28 16:41:56] [ INFO ] [PacienteDAOH2:52] Iniciado la busqueda de todos los pacientes
[2024-05-28 16:41:56] [ INFO ] [DomicilioDAOH2:54] iniciando la busqueda de un domicilio con id: 1
[2024-05-28 16:41:56] [ INFO ] [DomicilioDAOH2:54] iniciando la busqueda de un domicilio con id: 2
[2024-05-28 16:42:03] [ INFO ] [PacienteDAOH2:77] iniciando la operacion de buscado de un paciente con id : 1
[2024-05-28 16:42:03] [ INFO ] [DomicilioDAOH2:54] iniciando la busqueda de un domicilio con id: 1
[2024-05-28 16:42:13] [ INFO ] [PacienteDAOH2:114] Iniciando busqueda por email: jorgito@jorgito.com
[2024-05-28 16:42:13] [ INFO ] [DomicilioDAOH2:54] iniciando la busqueda de un domicilio con id: 1
[2024-05-28 16:43:05] [ INFO ] [BD:35] Tablas creada con exito
[2024-05-28 16:43:13] [ INFO ] [PacienteDAOH2:114] Iniciando busqueda por email: jorgito@jorgito.com
[2024-05-28 16:43:13] [ INFO ] [DomicilioDAOH2:54] iniciando la busqueda de un domicilio con id: 1
[2024-05-28 16:43:17] [ INFO ] [PacienteDAOH2:77] iniciando la operacion de buscado de un paciente con id : 1
[2024-05-28 16:43:17] [ INFO ] [DomicilioDAOH2:54] iniciando la busqueda de un domicilio con id: 1
[2024-05-28 17:32:13] [ INFO ] [BD:35] Tablas creada con exito
[2024-05-28 17:32:52] [ INFO ] [PacienteDAOH2:53] Iniciado la busqueda de todos los pacientes
[2024-05-28 17:32:52] [ INFO ] [DomicilioDAOH2:55] iniciando la busqueda de un domicilio con id: 1
[2024-05-28 17:32:52] [ INFO ] [DomicilioDAOH2:55] iniciando la busqueda de un domicilio con id: 2
[2024-05-28 17:33:39] [ INFO ] [PacienteDAOH2:78] iniciando la operacion de buscado de un paciente con id : 1
[2024-05-28 17:33:39] [ INFO ] [DomicilioDAOH2:55] iniciando la busqueda de un domicilio con id: 1
[2024-05-28 17:33:39] [ WARN ] [PacienteDAOH2:110] Iniciando la actualizacion de paciente con id: 1
[2024-05-28 17:33:39] [ INFO ] [DomicilioDAOH2:80] Iniciando actualizacion de domicilio con id: 1
[2024-05-28 17:33:43] [ INFO ] [PacienteDAOH2:53] Iniciado la busqueda de todos los pacientes
[2024-05-28 17:33:43] [ INFO ] [DomicilioDAOH2:55] iniciando la busqueda de un domicilio con id: 1
[2024-05-28 17:33:43] [ INFO ] [DomicilioDAOH2:55] iniciando la busqueda de un domicilio con id: 2
[2024-05-28 17:34:36] [ INFO ] [BD:35] Tablas creada con exito
[2024-05-28 17:34:46] [ INFO ] [PacienteDAOH2:53] Iniciado la busqueda de todos los pacientes
[2024-05-28 17:34:46] [ INFO ] [DomicilioDAOH2:55] iniciando la busqueda de un domicilio con id: 1
[2024-05-28 17:34:46] [ INFO ] [DomicilioDAOH2:55] iniciando la busqueda de un domicilio con id: 2
[2024-05-28 17:35:07] [ INFO ] [PacienteDAOH2:21] Iniciando las operaciones de guardado: Mariana
[2024-05-28 17:35:07] [ INFO ] [DomicilioDAOH2:20] Iniciando operacion de guardado
[2024-05-28 17:35:07] [ INFO ] [DomicilioDAOH2:39] Domicilio guardado
[2024-05-28 17:35:07] [ INFO ] [PacienteDAOH2:43] Paciente guardado
[2024-05-28 17:35:11] [ INFO ] [PacienteDAOH2:53] Iniciado la busqueda de todos los pacientes
[2024-05-28 17:35:11] [ INFO ] [DomicilioDAOH2:55] iniciando la busqueda de un domicilio con id: 1
[2024-05-28 17:35:11] [ INFO ] [DomicilioDAOH2:55] iniciando la busqueda de un domicilio con id: 2
[2024-05-28 17:35:11] [ INFO ] [DomicilioDAOH2:55] iniciando la busqueda de un domicilio con id: 3
[2024-05-28 17:35:23] [ INFO ] [PacienteDAOH2:78] iniciando la operacion de buscado de un paciente con id : 4
